<?xml version="1.0" encoding="UTF-8"?>
<testsuite xmlns:xsi="http://www.w3.org/2001/XMLSchema-instance" xsi:noNamespaceSchemaLocation="https://maven.apache.org/surefire/maven-surefire-plugin/xsd/surefire-test-report-3.0.xsd" version="3.0" name="com.payaza.assessment.service.MessageServiceTest" time="0.842" tests="1" errors="0" skipped="0" failures="0">
  <properties>
[...]
</properties>
  <testcase name="testSendAndReceiveMessages" classname="com.payaza.assessment.service.MessageServiceTest" time="0.832">
    <system-out><![CDATA[06:55:50.386 [main] INFO com.payaza.assessment.service.MessageService -- Initialized ApiGatewayManagementApiClient with endpoint: https://test-api-id.execute-api.us-east-1.amazonaws.com/test
]]></system-out>
  </testcase>
</testsuite>